<?xml version="1.0" encoding="UTF-8"?>
<!-- Generated by org.testng.reporters.JUnitReportReporter -->
<testsuite skipped="0" hostname="LAPTOP-5F1O7FD6" name="class01.Dataprovider" tests="2" failures="0" timestamp="2020-05-25T21:23:04 CDT" time="11.589" errors="0">
  <testcase name="addEmployee" time="6.114" classname="class01.Dataprovider"/>
  <system-out/>
  <testcase name="addEmployee" time="5.475" classname="class01.Dataprovider"/>
  <system-out/>
</testsuite> <!-- class01.Dataprovider -->
