<?xml version="1.0" encoding="UTF-8"?>
<!-- Generated by org.testng.reporters.JUnitReportReporter -->
<testsuite skipped="0" hostname="LAPTOP-5F1O7FD6" name="class01.TestNGDemo" tests="4" failures="0" timestamp="2020-05-20T00:00:16 CDT" time="0.020" errors="0">
  <testcase name="methodThree" time="0.001" classname="class01.TestNGDemo"/>
  <system-out/>
  <testcase name="methodTwo" time="0.003" classname="class01.TestNGDemo"/>
  <system-out/>
  <testcase name="methodFour" time="0.014" classname="class01.TestNGDemo"/>
  <system-out/>
  <testcase name="methodsix" time="0.002" classname="class01.TestNGDemo"/>
  <system-out/>
</testsuite> <!-- class01.TestNGDemo -->
