<?xml version="1.0" encoding="UTF-8"?>
<!-- Generated by org.testng.reporters.JUnitReportReporter -->
<testsuite skipped="0" hostname="LAPTOP-5F1O7FD6" name="Dataprovider" tests="1" failures="0" timestamp="2020-05-16T15:58:51 CDT" time="11.510" errors="0">
  <testcase name="addEmployee" time="11.510" classname="Dataprovider"/>
  <system-out/>
</testsuite> <!-- Dataprovider -->
