<?xml version="1.0" encoding="UTF-8"?>
<!-- Generated by org.testng.reporters.JUnitReportReporter -->
<testsuite skipped="0" hostname="LAPTOP-5F1O7FD6" name="class01.Annotations" tests="2" failures="0" timestamp="2020-05-23T13:51:05 CDT" time="0.017" errors="0">
  <testcase name="testOne" time="0.012" classname="class01.Annotations"/>
  <system-out/>
  <testcase name="testTwo" time="0.005" classname="class01.Annotations"/>
  <system-out/>
</testsuite> <!-- class01.Annotations -->
