<?xml version="1.0" encoding="UTF-8"?>
<!-- Generated by org.testng.reporters.JUnitReportReporter -->
<testsuite skipped="0" hostname="LAPTOP-5F1O7FD6" name="class01.TitleValidation" tests="2" failures="0" timestamp="2020-05-18T13:26:08 CDT" time="19.917" errors="0">
  <testcase name="titleValidation" time="9.472" classname="class01.TitleValidation"/>
  <system-out/>
  <testcase name="loginValidation" time="10.445" classname="class01.TitleValidation"/>
  <system-out/>
</testsuite> <!-- class01.TitleValidation -->
