<?xml version="1.0" encoding="UTF-8"?>
<!-- Generated by org.testng.reporters.JUnitReportReporter -->
<testsuite skipped="0" hostname="LAPTOP-5F1O7FD6" name="class02.DataProviderRecap" tests="2" failures="0" timestamp="2020-05-18T15:05:39 CDT" time="27.236" errors="0">
  <testcase name="addEmployee" time="14.538" classname="class02.DataProviderRecap"/>
  <system-out/>
  <testcase name="addEmployee" time="12.698" classname="class02.DataProviderRecap"/>
  <system-out/>
</testsuite> <!-- class02.DataProviderRecap -->
